#
# There is insufficient memory for the Java Runtime Environment to continue.
# Native memory allocation (mmap) failed to map 262144000 bytes for G1 virtual space
# Possible reasons:
#   The system is out of physical RAM or swap space
#   The process is running with CompressedOops enabled, and the Java Heap may be blocking the growth of the native heap
# Possible solutions:
#   Reduce memory load on the system
#   Increase physical memory or swap space
#   Check if swap backing store is full
#   Decrease Java heap size (-Xmx/-Xms)
#   Decrease number of Java threads
#   Decrease Java thread stack sizes (-Xss)
#   Set larger code cache with -XX:ReservedCodeCacheSize=
#   JVM is running with Zero Based Compressed Oops mode in which the Java heap is
#     placed in the first 32GB address space. The Java Heap base address is the
#     maximum limit for the native heap growth. Please use -XX:HeapBaseMinAddress
#     to set the Java Heap base and to place the Java Heap above 32GB virtual address.
# This output file may be truncated or incomplete.
#
#  Out of Memory Error (os_windows.cpp:3600), pid=27612, tid=27352
#
# JRE version:  (21.0.2+13) (build )
# Java VM: Java HotSpot(TM) 64-Bit Server VM (21.0.2+13-LTS-58, mixed mode, sharing, tiered, compressed oops, compressed class ptrs, g1 gc, windows-amd64)
# No core dump will be written. Minidumps are not enabled by default on client versions of Windows
#

---------------  S U M M A R Y ------------

Command Line: -Dfile.encoding=UTF-8 -Dstdout.encoding=UTF-8 -Dstderr.encoding=UTF-8 --module-path=D:\Sakthi\Github\Java\Zoho\Task\level3\Level_3\bin -XX:+ShowCodeDetailsInExceptionMessages -Djdk.module.main=Level_3 Level_3/com.game.Tetris

Host: Intel(R) Core(TM) i7-10850H CPU @ 2.70GHz, 6 cores, 15G,  Windows 10 , 64 bit Build 19041 (10.0.19041.4717)
Time: Mon Aug 26 12:40:28 2024 India Standard Time elapsed time: 0.030197 seconds (0d 0h 0m 0s)

---------------  T H R E A D  ---------------

Current thread (0x0000026e13f18de0):  JavaThread "Unknown thread" [_thread_in_vm, id=27352, stack(0x0000008c7a600000,0x0000008c7a700000) (1024K)]

Stack: [0x0000008c7a600000,0x0000008c7a700000]
Native frames: (J=compiled Java code, j=interpreted, Vv=VM code, C=native code)
V  [jvm.dll+0x6cade9]
V  [jvm.dll+0x8569c1]
V  [jvm.dll+0x858d2e]
V  [jvm.dll+0x859413]
V  [jvm.dll+0x280e56]
V  [jvm.dll+0x6c74d5]
V  [jvm.dll+0x6bbeca]
V  [jvm.dll+0x355bca]
V  [jvm.dll+0x35d816]
V  [jvm.dll+0x3ae67e]
V  [jvm.dll+0x3ae928]
V  [jvm.dll+0x3295dc]
V  [jvm.dll+0x32a16b]
V  [jvm.dll+0x81efa9]
V  [jvm.dll+0x3bba01]
V  [jvm.dll+0x807928]
V  [jvm.dll+0x44f50e]
V  [jvm.dll+0x450e11]
C  [jli.dll+0x52a3]
C  [ucrtbase.dll+0x21bb2]
C  [KERNEL32.DLL+0x17374]
C  [ntdll.dll+0x4cc91]


---------------  P R O C E S S  ---------------

Threads class SMR info:
_java_thread_list=0x00007ff9d7b3bb88, length=0, elements={
}

Java Threads: ( => current thread )
Total: 0

Other Threads:
  0x0000026e161f1910 WorkerThread "GC Thread#0"                     [id=21708, stack(0x0000008c7a700000,0x0000008c7a800000) (1024K)]
  0x0000026e16204bb0 ConcurrentGCThread "G1 Main Marker"            [id=27580, stack(0x0000008c7a800000,0x0000008c7a900000) (1024K)]
  0x0000026e16205d60 WorkerThread "G1 Conc#0"                       [id=23692, stack(0x0000008c7a900000,0x0000008c7aa00000) (1024K)]

[error occurred during error reporting (printing all threads), id 0xc0000005, EXCEPTION_ACCESS_VIOLATION (0xc0000005) at pc=0x00007ff9d72ac6a7]
VM state: not at safepoint (not fully initialized)

VM Mutex/Monitor currently owned by a thread:  ([mutex/lock_event])
[0x00007ff9d7bace68] Heap_lock - owner thread: 0x0000026e13f18de0

Heap address: 0x0000000706200000, size: 3998 MB, Compressed Oops mode: Zero based, Oop shift amount: 3

CDS archive(s) mapped at: [0x0000000000000000-0x0000000000000000-0x0000000000000000), size 0, SharedBaseAddress: 0x0000000800000000, ArchiveRelocationMode: 1.
Narrow klass base: 0x0000000000000000, Narrow klass shift: 0, Narrow klass range: 0x0

GC Precious Log:
 CardTable entry size: 512
 Card Set container configuration: InlinePtr #cards 4 size 8 Array Of Cards #cards 16 size 48 Howl #buckets 8 coarsen threshold 3686 Howl Bitmap #cards 512 size 80 coarsen threshold 460 Card regions per heap region 1 cards per card region 4096

Heap:
 garbage-first heap   total 0K, used 0K [0x0000000706200000, 0x0000000800000000)
  region size 2048K, 0 young (0K), 0 survivors (0K)

[error occurred during error reporting (printing heap information), id 0xc0000005, EXCEPTION_ACCESS_VIOLATION (0xc0000005) at pc=0x00007ff9d76939f9]
GC Heap History (0 events):
No events

Dll operation events (1 events):
Event: 0.022 Loaded shared library C:\Program Files\Java\jdk-21\bin\java.dll

Deoptimization events (0 events):
No events

Classes loaded (0 events):
No events

Classes unloaded (0 events):
No events

Classes redefined (0 events):
No events

Internal exceptions (0 events):
No events

ZGC Phase Switch (0 events):
No events

VM Operations (0 events):
No events

Events (0 events):
No events


Dynamic libraries:
0x00007ff763ab0000 - 0x00007ff763ac0000 	C:\Program Files\Java\jdk-21\bin\javaw.exe
0x00007ffa48f10000 - 0x00007ffa49108000 	C:\Windows\SYSTEM32\ntdll.dll
0x00007ffa47ac0000 - 0x00007ffa47b81000 	C:\Windows\System32\KERNEL32.DLL
0x00007ffa46960000 - 0x00007ffa46c5d000 	C:\Windows\System32\KERNELBASE.dll
0x00007ffa46e40000 - 0x00007ffa46f40000 	C:\Windows\System32\ucrtbase.dll
0x00007ffa21de0000 - 0x00007ffa21df9000 	C:\Program Files\Java\jdk-21\bin\jli.dll
0x00007ffa437c0000 - 0x00007ffa437db000 	C:\Program Files\Java\jdk-21\bin\VCRUNTIME140.dll
0x00007ffa46f40000 - 0x00007ffa46ff0000 	C:\Windows\System32\ADVAPI32.dll
0x00007ffa48d50000 - 0x00007ffa48dee000 	C:\Windows\System32\msvcrt.dll
0x00007ffa477a0000 - 0x00007ffa47840000 	C:\Windows\System32\sechost.dll
0x00007ffa478c0000 - 0x00007ffa479e3000 	C:\Windows\System32\RPCRT4.dll
0x00007ffa46780000 - 0x00007ffa467a7000 	C:\Windows\System32\bcrypt.dll
0x00007ffa47530000 - 0x00007ffa476cd000 	C:\Windows\System32\USER32.dll
0x00007ffa46750000 - 0x00007ffa46772000 	C:\Windows\System32\win32u.dll
0x00007ffa305b0000 - 0x00007ffa3084a000 	C:\Windows\WinSxS\amd64_microsoft.windows.common-controls_6595b64144ccf1df_6.0.19041.4355_none_60b8b9eb71f62e16\COMCTL32.dll
0x00007ffa48340000 - 0x00007ffa4836b000 	C:\Windows\System32\GDI32.dll
0x00007ffa46630000 - 0x00007ffa46747000 	C:\Windows\System32\gdi32full.dll
0x00007ffa46da0000 - 0x00007ffa46e3d000 	C:\Windows\System32\msvcp_win.dll
0x00007ffa39980000 - 0x00007ffa3998a000 	C:\Windows\SYSTEM32\VERSION.dll
0x00007ffa48cb0000 - 0x00007ffa48cdf000 	C:\Windows\System32\IMM32.DLL
0x0000026e14070000 - 0x0000026e14084000 	C:\Windows\System32\umppc18514.dll
0x00007ffa437b0000 - 0x00007ffa437bc000 	C:\Program Files\Java\jdk-21\bin\vcruntime140_1.dll
0x00007ffa131c0000 - 0x00007ffa1324e000 	C:\Program Files\Java\jdk-21\bin\msvcp140.dll
0x00007ff9d6f70000 - 0x00007ff9d7c87000 	C:\Program Files\Java\jdk-21\bin\server\jvm.dll
0x00007ffa47b90000 - 0x00007ffa47bfb000 	C:\Windows\System32\WS2_32.dll
0x00007ffa45b40000 - 0x00007ffa45b8b000 	C:\Windows\SYSTEM32\POWRPROF.dll
0x00007ffa34070000 - 0x00007ffa34097000 	C:\Windows\SYSTEM32\WINMM.dll
0x00007ffa459b0000 - 0x00007ffa459c2000 	C:\Windows\SYSTEM32\UMPDC.dll
0x00007ffa44dd0000 - 0x00007ffa44de2000 	C:\Windows\SYSTEM32\kernel.appcore.dll
0x00007ffa39960000 - 0x00007ffa3996a000 	C:\Program Files\Java\jdk-21\bin\jimage.dll
0x00007ffa3d290000 - 0x00007ffa3d474000 	C:\Windows\SYSTEM32\DBGHELP.DLL
0x00007ffa2ca10000 - 0x00007ffa2ca44000 	C:\Windows\SYSTEM32\dbgcore.DLL
0x00007ffa46c60000 - 0x00007ffa46ce2000 	C:\Windows\System32\bcryptPrimitives.dll
0x00007ffa186c0000 - 0x00007ffa186df000 	C:\Program Files\Java\jdk-21\bin\java.dll

dbghelp: loaded successfully - version: 4.0.5 - missing functions: none
symbol engine: initialized successfully - sym options: 0x614 - pdb path: .;C:\Program Files\Java\jdk-21\bin;C:\Windows\SYSTEM32;C:\Windows\WinSxS\amd64_microsoft.windows.common-controls_6595b64144ccf1df_6.0.19041.4355_none_60b8b9eb71f62e16;C:\Program Files\Java\jdk-21\bin\server

VM Arguments:
jvm_args: -Dfile.encoding=UTF-8 -Dstdout.encoding=UTF-8 -Dstderr.encoding=UTF-8 --module-path=D:\Sakthi\Github\Java\Zoho\Task\level3\Level_3\bin -XX:+ShowCodeDetailsInExceptionMessages -Djdk.module.main=Level_3 
java_command: Level_3/com.game.Tetris
java_class_path (initial): <not set>
Launcher Type: SUN_STANDARD

[Global flags]
     intx CICompilerCount                          = 3                                         {product} {ergonomic}
     uint ConcGCThreads                            = 2                                         {product} {ergonomic}
     uint G1ConcRefinementThreads                  = 6                                         {product} {ergonomic}
   size_t G1HeapRegionSize                         = 2097152                                   {product} {ergonomic}
    uintx GCDrainStackTargetSize                   = 64                                        {product} {ergonomic}
   size_t InitialHeapSize                          = 262144000                                 {product} {ergonomic}
   size_t MarkStackSize                            = 4194304                                   {product} {ergonomic}
   size_t MaxHeapSize                              = 4192206848                                {product} {ergonomic}
   size_t MinHeapDeltaBytes                        = 2097152                                   {product} {ergonomic}
   size_t MinHeapSize                              = 8388608                                   {product} {ergonomic}
    uintx NonNMethodCodeHeapSize                   = 5832780                                {pd product} {ergonomic}
    uintx NonProfiledCodeHeapSize                  = 122912730                              {pd product} {ergonomic}
    uintx ProfiledCodeHeapSize                     = 122912730                              {pd product} {ergonomic}
    uintx ReservedCodeCacheSize                    = 251658240                              {pd product} {ergonomic}
     bool SegmentedCodeCache                       = true                                      {product} {ergonomic}
     bool ShowCodeDetailsInExceptionMessages       = true                                   {manageable} {command line}
   size_t SoftMaxHeapSize                          = 4192206848                             {manageable} {ergonomic}
     bool UseCompressedOops                        = true                           {product lp64_product} {ergonomic}
     bool UseG1GC                                  = true                                      {product} {ergonomic}
     bool UseLargePagesIndividualAllocation        = false                                  {pd product} {ergonomic}

Logging:
Log output configuration:
 #0: stdout all=warning uptime,level,tags foldmultilines=false
 #1: stderr all=off uptime,level,tags foldmultilines=false

Environment Variables:
PATH=C:/Program Files/eclipse//plugins/org.eclipse.justj.openjdk.hotspot.jre.full.win32.x86_64_17.0.10.v20240120-1143/jre/bin/server;C:/Program Files/eclipse//plugins/org.eclipse.justj.openjdk.hotspot.jre.full.win32.x86_64_17.0.10.v20240120-1143/jre/bin;C:\Program Files\Common Files\Oracle\Java\javapath;C:\Program Files\Microsoft MPI\Bin\;C:\Program Files (x86)\Common Files\Oracle\Java\javapath;C:\Windows\system32;C:\Windows;C:\Windows\System32\Wbem;C:\Windows\System32\WindowsPowerShell\v1.0\;C:\Windows\System32\OpenSSH\;C:\Program Files\Mercurial\;C:\Program Files\dotnet\;C:\Program Files\;C:\Program Files\Java\jdk-1.8\bin;C:\Program Files\Java\jre-1.8\bin;C:\Program Files (x86)\Microsoft SQL Server\160\Tools\Binn\;C:\Program Files\Microsoft SQL Server\160\Tools\Binn\;C:\Program Files\Microsoft SQL Server\Client SDK\ODBC\170\Tools\Binn\;C:\Program Files\Microsoft SQL Server\160\DTS\Binn\;C:\Program Files (x86)\Microsoft SQL Server\160\DTS\Binn\;C:\Program Files\Azure Data Studio\bin;C:\Program Files\Git\cmd;C:\Program Files\nodejs\;C:\Program Files\MySQL\MySQL Shell 8.0\bin\;C:\Users\zoho\AppData\Local\Microsoft\WindowsApps;;C:\Program Files\Azure Data Studio\bin;C:\Users\zoho\AppData\Roaming\npm;C:\Users\zoho\AppData\Local\Programs\Microsoft VS Code\bin;C:\Program Files\eclipse;
USERNAME=zoho
OS=Windows_NT
PROCESSOR_IDENTIFIER=Intel64 Family 6 Model 165 Stepping 2, GenuineIntel
TMP=C:\Users\zoho\AppData\Local\Temp
TEMP=C:\Users\zoho\AppData\Local\Temp




Periodic native trim disabled

---------------  S Y S T E M  ---------------

OS:
 Windows 10 , 64 bit Build 19041 (10.0.19041.4717)
OS uptime: 0 days 2:49 hours

CPU: total 6 (initial active 6) (6 cores per cpu, 2 threads per core) family 6 model 165 stepping 2 microcode 0xf4, cx8, cmov, fxsr, ht, mmx, 3dnowpref, sse, sse2, sse3, ssse3, sse4.1, sse4.2, popcnt, lzcnt, tsc, tscinvbit, avx, avx2, aes, erms, clmul, bmi1, bmi2, adx, fma, vzeroupper, clflush, clflushopt, rdtscp, f16c, pku
Processor Information for all 6 processors :
  Max Mhz: 2712, Current Mhz: 2712, Mhz Limit: 2712

Memory: 4k page, system-wide physical 15985M (6063M free)
TotalPageFile size 44194M (AvailPageFile size 68M)
current process WorkingSet (physical memory assigned to process): 10M, peak: 10M
current process commit charge ("private bytes"): 56M, peak: 306M

vm_info: Java HotSpot(TM) 64-Bit Server VM (21.0.2+13-LTS-58) for windows-amd64 JRE (21.0.2+13-LTS-58), built on 2024-01-05T18:32:24Z by "mach5one" with MS VC++ 17.1 (VS2022)

END.
